<?xml version="1.0" encoding="utf-8"?><testsuites name="pytest tests"><testsuite name="pytest" errors="0" failures="0" skipped="0" tests="9" time="13.582" timestamp="2026-06-26T22:33:45.495703+00:00" hostname="agent-env-2b6c9015-79c5-491d-a2ba-5b290bdf888f"><testcase classname="tests.test_contact_api.TestContactSubmission" name="test_submit_persists_and_emails" time="5.896" /><testcase classname="tests.test_contact_api.TestContactValidation" name="test_empty_name_rejected" time="4.840" /><testcase classname="tests.test_contact_api.TestContactValidation" name="test_invalid_email_rejected" time="0.047" /><testcase classname="tests.test_contact_api.TestContactValidation" name="test_empty_message_rejected" time="0.050" /><testcase classname="tests.test_contact_api.TestContactValidation" name="test_missing_fields_rejected" time="0.041" /><testcase classname="tests.test_contact_api.TestLegacy" name="test_root_returns_hello_world" time="0.043" /><testcase classname="tests.test_contact_api.TestLegacy" name="test_status_create_and_get" time="0.113" /><testcase classname="tests.test_contact_api.TestContactSubmission" name="test_messages_sorted_desc" time="7.138" /><testcase classname="tests.test_contact_api.TestContactSubmission" name="test_no_mongodb_objectid_in_messages" time="0.055" /></testsuite></testsuites>