<?xml version="1.0" encoding="utf-8"?><testsuites name="pytest tests"><testsuite name="pytest" errors="0" failures="0" skipped="0" tests="11" time="10.265" timestamp="2026-06-26T22:42:05.189378+00:00" hostname="agent-env-2b6c9015-79c5-491d-a2ba-5b290bdf888f"><testcase classname="tests.test_contact_api.TestContactValidation" name="test_empty_name_rejected" time="2.098" /><testcase classname="tests.test_contact_api.TestContactSubmission" name="test_submit_persists_and_emails" time="3.153" /><testcase classname="tests.test_contact_api.TestContactValidation" name="test_invalid_email_rejected" time="0.049" /><testcase classname="tests.test_contact_api.TestContactValidation" name="test_empty_message_rejected" time="0.100" /><testcase classname="tests.test_contact_api.TestContactValidation" name="test_missing_fields_rejected" time="0.045" /><testcase classname="tests.test_contact_api.TestLegacy" name="test_root_returns_hello_world" time="0.044" /><testcase classname="tests.test_contact_api.TestLegacy" name="test_status_create_and_get" time="0.098" /><testcase classname="tests.test_contact_api.TestAutoReplyTemplate" name="test_autoreply_contains_linkedin_url" time="0.252" /><testcase classname="tests.test_contact_api.TestAutoReplyTemplate" name="test_autoreply_subject_and_to" time="0.002" /><testcase classname="tests.test_contact_api.TestContactSubmission" name="test_messages_sorted_desc" time="6.173" /><testcase classname="tests.test_contact_api.TestContactSubmission" name="test_no_mongodb_objectid_in_messages" time="0.046" /></testsuite></testsuites>